<?xml version="1.0" encoding="UTF-8"?>
<testsuite xmlns:xsi="http://www.w3.org/2001/XMLSchema-instance" xsi:noNamespaceSchemaLocation="https://maven.apache.org/surefire/maven-surefire-plugin/xsd/surefire-test-report.xsd" version="3.0.2" name="com.example.snapture.photoshare_app.PhotoshareAppApplicationTests" time="1.978" tests="1" errors="0" skipped="0" failures="0">
  <properties>
[...]
</properties>
  <testcase name="contextLoads" classname="com.example.snapture.photoshare_app.PhotoshareAppApplicationTests" time="0.481">
    <system-out><![CDATA[13:57:46.909 [main] INFO org.springframework.test.context.support.AnnotationConfigContextLoaderUtils -- Could not detect default configuration classes for test class [com.example.snapture.photoshare_app.PhotoshareAppApplicationTests]: PhotoshareAppApplicationTests does not declare any static, non-private, non-final, nested classes annotated with @Configuration.
13:57:47.003 [main] INFO org.springframework.boot.test.context.SpringBootTestContextBootstrapper -- Found @SpringBootConfiguration com.example.snapture.photoshare_app.PhotoshareAppApplication for test class com.example.snapture.photoshare_app.PhotoshareAppApplicationTests

  .   ____          _            __ _ _
 /\\ / ___'_ __ _ _(_)_ __  __ _ \ \ \ \
( ( )\___ | '_ | '_| | '_ \/ _` | \ \ \ \
 \\/  ___)| |_)| | | | | || (_| |  ) ) ) )
  '  |____| .__|_| |_|_| |_\__, | / / / /
 =========|_|==============|___/=/_/_/_/

 :: Spring Boot ::                (v3.4.5)

2025-04-29T13:57:47.380+05:30  INFO 6472 --- [photoshare-app] [           main] c.e.s.p.PhotoshareAppApplicationTests    : Starting PhotoshareAppApplicationTests using Java 24.0.1 with PID 6472 (started by Kavindu Senanayake in C:\PAF\snapture\photoshare-app)
2025-04-29T13:57:47.382+05:30  INFO 6472 --- [photoshare-app] [           main] c.e.s.p.PhotoshareAppApplicationTests    : No active profile set, falling back to 1 default profile: "default"
2025-04-29T13:57:48.297+05:30  INFO 6472 --- [photoshare-app] [           main] c.e.s.p.PhotoshareAppApplicationTests    : Started PhotoshareAppApplicationTests in 1.185 seconds (process running for 1.862)
]]></system-out>
    <system-err><![CDATA[Mockito is currently self-attaching to enable the inline-mock-maker. This will no longer work in future releases of the JDK. Please add Mockito as an agent to your build what is described in Mockito's documentation: https://javadoc.io/doc/org.mockito/mockito-core/latest/org/mockito/Mockito.html#0.3
WARNING: A Java agent has been loaded dynamically (C:\Users\Kavindu Senanayake\.m2\repository\net\bytebuddy\byte-buddy-agent\1.15.11\byte-buddy-agent-1.15.11.jar)
WARNING: If a serviceability tool is in use, please run with -XX:+EnableDynamicAgentLoading to hide this warning
WARNING: If a serviceability tool is not in use, please run with -Djdk.instrument.traceUsage for more information
WARNING: Dynamic loading of agents will be disallowed by default in a future release
]]></system-err>
  </testcase>
</testsuite>